timestamp: 2012-12-15T17:14:58.608637
CREATE TABLE auth_user(
    id INTEGER PRIMARY KEY AUTOINCREMENT,
    first_name CHAR(128),
    last_name CHAR(128),
    email CHAR(512),
    password CHAR(512),
    registration_key CHAR(512),
    reset_password_key CHAR(512),
    registration_id CHAR(512)
);
success!
timestamp: 2012-12-15T17:14:58.626160
CREATE TABLE auth_group(
    id INTEGER PRIMARY KEY AUTOINCREMENT,
    role CHAR(512),
    description TEXT
);
success!
timestamp: 2012-12-15T17:14:58.629499
CREATE TABLE auth_membership(
    id INTEGER PRIMARY KEY AUTOINCREMENT,
    user_id INTEGER REFERENCES auth_user (id) ON DELETE CASCADE,
    group_id INTEGER REFERENCES auth_group (id) ON DELETE CASCADE
);
success!
timestamp: 2012-12-15T17:14:58.632952
CREATE TABLE auth_permission(
    id INTEGER PRIMARY KEY AUTOINCREMENT,
    group_id INTEGER REFERENCES auth_group (id) ON DELETE CASCADE,
    name CHAR(512),
    table_name CHAR(512),
    record_id INTEGER
);
success!
timestamp: 2012-12-15T17:14:58.639081
CREATE TABLE auth_event(
    id INTEGER PRIMARY KEY AUTOINCREMENT,
    time_stamp TIMESTAMP,
    client_ip CHAR(512),
    user_id INTEGER REFERENCES auth_user (id) ON DELETE CASCADE,
    origin CHAR(512),
    description TEXT
);
success!
timestamp: 2012-12-15T17:14:58.641872
CREATE TABLE auth_cas(
    id INTEGER PRIMARY KEY AUTOINCREMENT,
    user_id INTEGER REFERENCES auth_user (id) ON DELETE CASCADE,
    created_on TIMESTAMP,
    service CHAR(512),
    ticket CHAR(512),
    renew CHAR(1)
);
success!
timestamp: 2012-12-15T17:42:33.671119
CREATE TABLE mission_status(
    id INTEGER PRIMARY KEY AUTOINCREMENT,
    status_id INTEGER NOT NULL UNIQUE,
    name CHAR(512) NOT NULL UNIQUE
);
success!
timestamp: 2012-12-15T17:42:33.674542
CREATE TABLE mission_type(
    id INTEGER PRIMARY KEY AUTOINCREMENT,
    type_id INTEGER NOT NULL UNIQUE,
    name CHAR(512) NOT NULL UNIQUE
);
success!
timestamp: 2012-12-15T17:42:33.676828
CREATE TABLE mission(
    id INTEGER PRIMARY KEY AUTOINCREMENT,
    mission_id INTEGER NOT NULL UNIQUE,
    name CHAR(512) NOT NULL,
    type_id INTEGER REFERENCES mission_type (id) ON DELETE CASCADE,
    startdate TIMESTAMP,
    status_id INTEGER REFERENCES mission_status (id) ON DELETE CASCADE
);
success!
timestamp: 2012-12-15T21:09:47.808491
CREATE TABLE drone_status_type(
    id INTEGER PRIMARY KEY AUTOINCREMENT,
    status_id INTEGER NOT NULL UNIQUE,
    name CHAR(512) NOT NULL UNIQUE
);
success!
timestamp: 2012-12-15T21:09:47.814790
CREATE TABLE drone(
    id INTEGER PRIMARY KEY AUTOINCREMENT,
    drone_id INTEGER NOT NULL UNIQUE,
    name CHAR(512) NOT NULL,
    type_id INTEGER REFERENCES mission_type (id) ON DELETE CASCADE,
    status_id INTEGER REFERENCES drone_status_type (id) ON DELETE CASCADE
);
success!
